我朝你妈妈的
请输入正确的命令
我朝你妈妈的
<-----初始化程序----->
<-----初始化成功------>
<-----启动文章抓取----->
[===未抓取的的id个数为:7816===]
save 5a50ec6b4c7ffb434744b6e8 ==>successfuly
save 5a50ec6b4c7ffb434744b6e9 ==>successfuly
save 5a50ec6b4c7ffb434744b6ea ==>successfuly
save 5a50ec6b4c7ffb434744b6eb ==>successfuly
save 5a50ec6b4c7ffb434744b6ec ==>successfuly
save 5a50ec6b4c7ffb434744b6ed ==>successfuly
save 5a50ec6b4c7ffb434744b6ee ==>successfuly
save 5a50ec6b4c7ffb434744b6ef ==>successfuly
save 5a50ec6b4c7ffb434744b6f0 ==>successfuly
save 5a50ec6b4c7ffb434744b6f1 ==>successfuly
save 5a50ec6b4c7ffb434744b6f2 ==>successfuly
save 5a50ec6b4c7ffb434744b6f3 ==>successfuly
save 5a50ec6b4c7ffb434744b6f4 ==>successfuly
save 5a50ec6b4c7ffb434744b6f5 ==>successfuly
save 5a50ec6b4c7ffb434744b6f6 ==>successfuly
save 5a50ec6b4c7ffb434744b6f7 ==>successfuly
save 5a50ec6b4c7ffb434744b6f8 ==>successfuly
save 5a50ec6b4c7ffb434744b6f9 ==>successfuly
save 5a50ec6b4c7ffb434744b6fa ==>successfuly
save 5a50ec6b4c7ffb434744b6fb ==>successfuly
save 5a50ec6b4c7ffb434744b6fc ==>successfuly
save 5a50ec6b4c7ffb434744b6fd ==>successfuly
save 5a50ec6b4c7ffb434744b6fe ==>successfuly
save 5a50ec6b4c7ffb434744b6ff ==>successfuly
save 5a50ec6b4c7ffb434744b700 ==>successfuly
save 5a50ec6b4c7ffb434744b701 ==>successfuly
save 5a50ec6b4c7ffb434744b702 ==>successfuly
save 5a50ec6b4c7ffb434744b703 ==>successfuly
save 5a50ec6b4c7ffb434744b704 ==>successfuly
save 5a50ec6b4c7ffb434744b705 ==>successfuly
save 5a50ec6b4c7ffb434744b706 ==>successfuly
save 5a50ec6b4c7ffb434744b707 ==>successfuly
save 5a50ec6b4c7ffb434744b708 ==>successfuly
save 5a50ec6b4c7ffb434744b709 ==>successfuly
save 5a50ec6b4c7ffb434744b70a ==>successfuly
save 5a50ec6b4c7ffb434744b70b ==>successfuly
save 5a50ec6b4c7ffb434744b70c ==>successfuly
save 5a50ec6b4c7ffb434744b70d ==>successfuly
save 5a50ec6b4c7ffb434744b70e ==>successfuly
save 5a50ec6b4c7ffb434744b70f ==>successfuly
save 5a50ec6b4c7ffb434744b710 ==>successfuly
save 5a50ec6b4c7ffb434744b711 ==>successfuly
save 5a50ec6b4c7ffb434744b712 ==>successfuly
save 5a50ec6b4c7ffb434744b713 ==>successfuly
save 5a50ec6b4c7ffb434744b714 ==>successfuly
save 5a50ec6b4c7ffb434744b715 ==>successfuly
save 5a50ec6b4c7ffb434744b716 ==>successfuly
save 5a50ec6b4c7ffb434744b717 ==>successfuly
save 5a50ec6b4c7ffb434744b718 ==>successfuly
save 5a50ec6b4c7ffb434744b719 ==>successfuly
save 5a50ec6b4c7ffb434744b71a ==>successfuly
save 5a50ec6b4c7ffb434744b71b ==>successfuly
save 5a50ec6b4c7ffb434744b71c ==>successfuly
save 5a50ec6b4c7ffb434744b71d ==>successfuly
save 5a50ec6b4c7ffb434744b71e ==>successfuly
save 5a50ec6b4c7ffb434744b71f ==>successfuly
save 5a50ec6b4c7ffb434744b720 ==>successfuly
save 5a50ec6b4c7ffb434744b721 ==>successfuly
save 5a50ec6b4c7ffb434744b722 ==>successfuly
save 5a50ec6b4c7ffb434744b723 ==>successfuly
save 5a50ec6b4c7ffb434744b724 ==>successfuly
save 5a50ec6b4c7ffb434744b725 ==>successfuly
save 5a50ec6b4c7ffb434744b726 ==>successfuly
save 5a50ec6b4c7ffb434744b727 ==>successfuly
save 5a50ec6b4c7ffb434744b728 ==>successfuly
save 5a50ec6b4c7ffb434744b729 ==>successfuly
save 5a50ec6b4c7ffb434744b72a ==>successfuly
save 5a50ec6b4c7ffb434744b72b ==>successfuly
save 5a50ec6b4c7ffb434744b72c ==>successfuly
save 5a50ec6b4c7ffb434744b72d ==>successfuly
save 5a50ec6b4c7ffb434744b72e ==>successfuly
save 5a50ec6b4c7ffb434744b72f ==>successfuly
save 5a50ec6b4c7ffb434744b730 ==>successfuly
save 5a50ec6b4c7ffb434744b731 ==>successfuly
save 5a50ec6b4c7ffb434744b732 ==>successfuly
save 5a50ec6b4c7ffb434744b733 ==>successfuly
save 5a50ec6b4c7ffb434744b734 ==>successfuly
save 5a50ec6b4c7ffb434744b735 ==>successfuly
save 5a50ec6b4c7ffb434744b736 ==>successfuly
save 5a50ec6b4c7ffb434744b737 ==>successfuly
save 5a50ec6b4c7ffb434744b738 ==>successfuly
save 5a50ec6b4c7ffb434744b739 ==>successfuly
save 5a50ec6b4c7ffb434744b73a ==>successfuly
save 5a50ec6b4c7ffb434744b73b ==>successfuly
save 5a50ec6b4c7ffb434744b73c ==>successfuly
save 5a50ec6b4c7ffb434744b73d ==>successfuly
save 5a50ec6b4c7ffb434744b73e ==>successfuly
save 5a50ec6b4c7ffb434744b73f ==>successfuly
save 5a50ec6b4c7ffb434744b740 ==>successfuly
save 5a50ec6b4c7ffb434744b741 ==>successfuly
此用户文章抓取完成 15874918 
[===未抓取的的id个数为:7815===]
save 5a50ec6f4c7ffb434744b742 ==>successfuly
save 5a50ec6f4c7ffb434744b743 ==>successfuly
save 5a50ec6f4c7ffb434744b744 ==>successfuly
save 5a50ec6f4c7ffb434744b745 ==>successfuly
save 5a50ec6f4c7ffb434744b746 ==>successfuly
save 5a50ec6f4c7ffb434744b747 ==>successfuly
save 5a50ec6f4c7ffb434744b748 ==>successfuly
save 5a50ec6f4c7ffb434744b749 ==>successfuly
save 5a50ec6f4c7ffb434744b74a ==>successfuly
save 5a50ec6f4c7ffb434744b74b ==>successfuly
save 5a50ec6f4c7ffb434744b74c ==>successfuly
save 5a50ec6f4c7ffb434744b74d ==>successfuly
save 5a50ec6f4c7ffb434744b74e ==>successfuly
save 5a50ec6f4c7ffb434744b74f ==>successfuly
save 5a50ec6f4c7ffb434744b750 ==>successfuly
save 5a50ec6f4c7ffb434744b751 ==>successfuly
save 5a50ec6f4c7ffb434744b752 ==>successfuly
save 5a50ec6f4c7ffb434744b753 ==>successfuly
save 5a50ec6f4c7ffb434744b754 ==>successfuly
save 5a50ec6f4c7ffb434744b755 ==>successfuly
save 5a50ec6f4c7ffb434744b756 ==>successfuly
save 5a50ec6f4c7ffb434744b757 ==>successfuly
save 5a50ec6f4c7ffb434744b758 ==>successfuly
save 5a50ec6f4c7ffb434744b759 ==>successfuly
save 5a50ec6f4c7ffb434744b75a ==>successfuly
save 5a50ec6f4c7ffb434744b75b ==>successfuly
save 5a50ec6f4c7ffb434744b75c ==>successfuly
save 5a50ec6f4c7ffb434744b75d ==>successfuly
save 5a50ec6f4c7ffb434744b75e ==>successfuly
save 5a50ec6f4c7ffb434744b75f ==>successfuly
save 5a50ec6f4c7ffb434744b760 ==>successfuly
save 5a50ec6f4c7ffb434744b761 ==>successfuly
save 5a50ec6f4c7ffb434744b762 ==>successfuly
save 5a50ec6f4c7ffb434744b763 ==>successfuly
save 5a50ec6f4c7ffb434744b764 ==>successfuly
save 5a50ec6f4c7ffb434744b765 ==>successfuly
save 5a50ec6f4c7ffb434744b766 ==>successfuly
save 5a50ec6f4c7ffb434744b767 ==>successfuly
save 5a50ec6f4c7ffb434744b768 ==>successfuly
save 5a50ec6f4c7ffb434744b769 ==>successfuly
save 5a50ec6f4c7ffb434744b76a ==>successfuly
save 5a50ec6f4c7ffb434744b76b ==>successfuly
save 5a50ec6f4c7ffb434744b76c ==>successfuly
save 5a50ec6f4c7ffb434744b76d ==>successfuly
save 5a50ec6f4c7ffb434744b76e ==>successfuly
save 5a50ec6f4c7ffb434744b76f ==>successfuly
save 5a50ec6f4c7ffb434744b770 ==>successfuly
save 5a50ec6f4c7ffb434744b771 ==>successfuly
save 5a50ec6f4c7ffb434744b772 ==>successfuly
save 5a50ec6f4c7ffb434744b773 ==>successfuly
save 5a50ec6f4c7ffb434744b774 ==>successfuly
save 5a50ec6f4c7ffb434744b775 ==>successfuly
save 5a50ec6f4c7ffb434744b776 ==>successfuly
save 5a50ec6f4c7ffb434744b777 ==>successfuly
save 5a50ec6f4c7ffb434744b778 ==>successfuly
save 5a50ec6f4c7ffb434744b779 ==>successfuly
save 5a50ec6f4c7ffb434744b77a ==>successfuly
save 5a50ec6f4c7ffb434744b77b ==>successfuly
save 5a50ec6f4c7ffb434744b77c ==>successfuly
save 5a50ec6f4c7ffb434744b77d ==>successfuly
save 5a50ec6f4c7ffb434744b77e ==>successfuly
save 5a50ec6f4c7ffb434744b77f ==>successfuly
save 5a50ec6f4c7ffb434744b780 ==>successfuly
save 5a50ec6f4c7ffb434744b781 ==>successfuly
save 5a50ec6f4c7ffb434744b782 ==>successfuly
save 5a50ec6f4c7ffb434744b783 ==>successfuly
save 5a50ec6f4c7ffb434744b784 ==>successfuly
save 5a50ec6f4c7ffb434744b785 ==>successfuly
save 5a50ec6f4c7ffb434744b786 ==>successfuly
save 5a50ec6f4c7ffb434744b787 ==>successfuly
save 5a50ec6f4c7ffb434744b788 ==>successfuly
save 5a50ec6f4c7ffb434744b789 ==>successfuly
save 5a50ec6f4c7ffb434744b78a ==>successfuly
save 5a50ec6f4c7ffb434744b78b ==>successfuly
save 5a50ec6f4c7ffb434744b78c ==>successfuly
save 5a50ec6f4c7ffb434744b78d ==>successfuly
save 5a50ec6f4c7ffb434744b78e ==>successfuly
save 5a50ec6f4c7ffb434744b78f ==>successfuly
save 5a50ec6f4c7ffb434744b790 ==>successfuly
save 5a50ec6f4c7ffb434744b791 ==>successfuly
save 5a50ec6f4c7ffb434744b792 ==>successfuly
save 5a50ec6f4c7ffb434744b793 ==>successfuly
save 5a50ec6f4c7ffb434744b794 ==>successfuly
save 5a50ec6f4c7ffb434744b795 ==>successfuly
save 5a50ec6f4c7ffb434744b796 ==>successfuly
save 5a50ec6f4c7ffb434744b797 ==>successfuly
save 5a50ec6f4c7ffb434744b798 ==>successfuly
save 5a50ec6f4c7ffb434744b799 ==>successfuly
save 5a50ec6f4c7ffb434744b79a ==>successfuly
save 5a50ec6f4c7ffb434744b79b ==>successfuly
save 5a50ec6f4c7ffb434744b79c ==>successfuly
save 5a50ec6f4c7ffb434744b79d ==>successfuly
save 5a50ec6f4c7ffb434744b79e ==>successfuly
save 5a50ec6f4c7ffb434744b79f ==>successfuly
save 5a50ec6f4c7ffb434744b7a0 ==>successfuly
save 5a50ec6f4c7ffb434744b7a1 ==>successfuly
save 5a50ec6f4c7ffb434744b7a2 ==>successfuly
save 5a50ec6f4c7ffb434744b7a3 ==>successfuly
save 5a50ec6f4c7ffb434744b7a4 ==>successfuly
save 5a50ec6f4c7ffb434744b7a5 ==>successfuly
save 5a50ec6f4c7ffb434744b7a6 ==>successfuly
save 5a50ec6f4c7ffb434744b7a7 ==>successfuly
save 5a50ec6f4c7ffb434744b7a8 ==>successfuly
save 5a50ec6f4c7ffb434744b7a9 ==>successfuly
此用户文章抓取完成 2750127259 
[===未抓取的的id个数为:7814===]
save 5a50ec724c7ffb434744b7aa ==>successfuly
save 5a50ec724c7ffb434744b7ab ==>successfuly
save 5a50ec724c7ffb434744b7ac ==>successfuly
save 5a50ec724c7ffb434744b7ad ==>successfuly
save 5a50ec724c7ffb434744b7ae ==>successfuly
save 5a50ec724c7ffb434744b7af ==>successfuly
save 5a50ec724c7ffb434744b7b0 ==>successfuly
save 5a50ec724c7ffb434744b7b1 ==>successfuly
save 5a50ec724c7ffb434744b7b2 ==>successfuly
save 5a50ec724c7ffb434744b7b3 ==>successfuly
save 5a50ec724c7ffb434744b7b4 ==>successfuly
save 5a50ec724c7ffb434744b7b5 ==>successfuly
save 5a50ec724c7ffb434744b7b6 ==>successfuly
save 5a50ec724c7ffb434744b7b7 ==>successfuly
此用户文章抓取完成 274164368 
[===未抓取的的id个数为:7813===]
save 5a50ec764c7ffb434744b7b8 ==>successfuly
save 5a50ec764c7ffb434744b7b9 ==>successfuly
save 5a50ec764c7ffb434744b7ba ==>successfuly
save 5a50ec764c7ffb434744b7bb ==>successfuly
save 5a50ec764c7ffb434744b7bc ==>successfuly
save 5a50ec764c7ffb434744b7bd ==>successfuly
save 5a50ec764c7ffb434744b7be ==>successfuly
save 5a50ec764c7ffb434744b7bf ==>successfuly
save 5a50ec764c7ffb434744b7c0 ==>successfuly
save 5a50ec764c7ffb434744b7c1 ==>successfuly
save 5a50ec764c7ffb434744b7c2 ==>successfuly
save 5a50ec764c7ffb434744b7c3 ==>successfuly
save 5a50ec764c7ffb434744b7c4 ==>successfuly
save 5a50ec764c7ffb434744b7c5 ==>successfuly
save 5a50ec764c7ffb434744b7c6 ==>successfuly
save 5a50ec764c7ffb434744b7c7 ==>successfuly
save 5a50ec764c7ffb434744b7c8 ==>successfuly
save 5a50ec764c7ffb434744b7c9 ==>successfuly
save 5a50ec764c7ffb434744b7ca ==>successfuly
save 5a50ec764c7ffb434744b7cb ==>successfuly
save 5a50ec764c7ffb434744b7cc ==>successfuly
save 5a50ec764c7ffb434744b7cd ==>successfuly
save 5a50ec764c7ffb434744b7ce ==>successfuly
save 5a50ec764c7ffb434744b7cf ==>successfuly
save 5a50ec764c7ffb434744b7d0 ==>successfuly
save 5a50ec764c7ffb434744b7d1 ==>successfuly
save 5a50ec764c7ffb434744b7d2 ==>successfuly
save 5a50ec764c7ffb434744b7d3 ==>successfuly
save 5a50ec764c7ffb434744b7d4 ==>successfuly
save 5a50ec764c7ffb434744b7d5 ==>successfuly
save 5a50ec764c7ffb434744b7d6 ==>successfuly
save 5a50ec764c7ffb434744b7d7 ==>successfuly
save 5a50ec764c7ffb434744b7d8 ==>successfuly
save 5a50ec764c7ffb434744b7d9 ==>successfuly
save 5a50ec764c7ffb434744b7da ==>successfuly
save 5a50ec764c7ffb434744b7db ==>successfuly
save 5a50ec764c7ffb434744b7dc ==>successfuly
save 5a50ec764c7ffb434744b7dd ==>successfuly
save 5a50ec764c7ffb434744b7de ==>successfuly
save 5a50ec764c7ffb434744b7df ==>successfuly
save 5a50ec764c7ffb434744b7e0 ==>successfuly
save 5a50ec764c7ffb434744b7e1 ==>successfuly
save 5a50ec764c7ffb434744b7e2 ==>successfuly
save 5a50ec764c7ffb434744b7e3 ==>successfuly
save 5a50ec764c7ffb434744b7e4 ==>successfuly
save 5a50ec764c7ffb434744b7e5 ==>successfuly
save 5a50ec764c7ffb434744b7e6 ==>successfuly
save 5a50ec764c7ffb434744b7e7 ==>successfuly
save 5a50ec764c7ffb434744b7e8 ==>successfuly
save 5a50ec764c7ffb434744b7e9 ==>successfuly
save 5a50ec764c7ffb434744b7ea ==>successfuly
save 5a50ec764c7ffb434744b7eb ==>successfuly
save 5a50ec764c7ffb434744b7ec ==>successfuly
save 5a50ec764c7ffb434744b7ed ==>successfuly
save 5a50ec764c7ffb434744b7ee ==>successfuly
save 5a50ec764c7ffb434744b7ef ==>successfuly
save 5a50ec764c7ffb434744b7f0 ==>successfuly
save 5a50ec764c7ffb434744b7f1 ==>successfuly
save 5a50ec764c7ffb434744b7f2 ==>successfuly
save 5a50ec764c7ffb434744b7f3 ==>successfuly
save 5a50ec764c7ffb434744b7f4 ==>successfuly
save 5a50ec764c7ffb434744b7f5 ==>successfuly
save 5a50ec764c7ffb434744b7f6 ==>successfuly
save 5a50ec764c7ffb434744b7f7 ==>successfuly
save 5a50ec764c7ffb434744b7f8 ==>successfuly
save 5a50ec764c7ffb434744b7f9 ==>successfuly
save 5a50ec764c7ffb434744b7fa ==>successfuly
save 5a50ec764c7ffb434744b7fb ==>successfuly
save 5a50ec764c7ffb434744b7fc ==>successfuly
此用户文章抓取完成 1071900114 
[===未抓取的的id个数为:7812===]
save 5a50ec7a4c7ffb434744b7fd ==>successfuly
save 5a50ec7a4c7ffb434744b7fe ==>successfuly
save 5a50ec7a4c7ffb434744b7ff ==>successfuly
save 5a50ec7a4c7ffb434744b800 ==>successfuly
save 5a50ec7a4c7ffb434744b801 ==>successfuly
save 5a50ec7a4c7ffb434744b802 ==>successfuly
save 5a50ec7a4c7ffb434744b803 ==>successfuly
save 5a50ec7a4c7ffb434744b804 ==>successfuly
save 5a50ec7a4c7ffb434744b805 ==>successfuly
save 5a50ec7a4c7ffb434744b806 ==>successfuly
save 5a50ec7a4c7ffb434744b807 ==>successfuly
save 5a50ec7a4c7ffb434744b808 ==>successfuly
save 5a50ec7a4c7ffb434744b809 ==>successfuly
save 5a50ec7a4c7ffb434744b80a ==>successfuly
save 5a50ec7a4c7ffb434744b80b ==>successfuly
save 5a50ec7a4c7ffb434744b80c ==>successfuly
此用户文章抓取完成 26324609 
[===未抓取的的id个数为:7811===]
save 5a50ec7d4c7ffb434744b80d ==>successfuly
save 5a50ec7d4c7ffb434744b80e ==>successfuly
save 5a50ec7d4c7ffb434744b80f ==>successfuly
save 5a50ec7d4c7ffb434744b810 ==>successfuly
save 5a50ec7d4c7ffb434744b811 ==>successfuly
save 5a50ec7d4c7ffb434744b812 ==>successfuly
save 5a50ec7d4c7ffb434744b813 ==>successfuly
save 5a50ec7d4c7ffb434744b814 ==>successfuly
save 5a50ec7d4c7ffb434744b815 ==>successfuly
save 5a50ec7d4c7ffb434744b816 ==>successfuly
save 5a50ec7d4c7ffb434744b817 ==>successfuly
save 5a50ec7d4c7ffb434744b818 ==>successfuly
save 5a50ec7d4c7ffb434744b819 ==>successfuly
save 5a50ec7d4c7ffb434744b81a ==>successfuly
save 5a50ec7d4c7ffb434744b81b ==>successfuly
save 5a50ec7d4c7ffb434744b81c ==>successfuly
save 5a50ec7d4c7ffb434744b81d ==>successfuly
save 5a50ec7d4c7ffb434744b81e ==>successfuly
save 5a50ec7d4c7ffb434744b81f ==>successfuly
save 5a50ec7d4c7ffb434744b820 ==>successfuly
save 5a50ec7d4c7ffb434744b821 ==>successfuly
save 5a50ec7d4c7ffb434744b822 ==>successfuly
save 5a50ec7d4c7ffb434744b823 ==>successfuly
save 5a50ec7d4c7ffb434744b824 ==>successfuly
save 5a50ec7d4c7ffb434744b825 ==>successfuly
save 5a50ec7d4c7ffb434744b826 ==>successfuly
save 5a50ec7d4c7ffb434744b827 ==>successfuly
save 5a50ec7d4c7ffb434744b828 ==>successfuly
save 5a50ec7d4c7ffb434744b829 ==>successfuly
save 5a50ec7d4c7ffb434744b82a ==>successfuly
save 5a50ec7d4c7ffb434744b82b ==>successfuly
save 5a50ec7d4c7ffb434744b82c ==>successfuly
save 5a50ec7d4c7ffb434744b82d ==>successfuly
save 5a50ec7d4c7ffb434744b82e ==>successfuly
save 5a50ec7d4c7ffb434744b82f ==>successfuly
save 5a50ec7d4c7ffb434744b830 ==>successfuly
save 5a50ec7d4c7ffb434744b831 ==>successfuly
save 5a50ec7d4c7ffb434744b832 ==>successfuly
save 5a50ec7d4c7ffb434744b833 ==>successfuly
save 5a50ec7d4c7ffb434744b834 ==>successfuly
save 5a50ec7d4c7ffb434744b835 ==>successfuly
save 5a50ec7d4c7ffb434744b836 ==>successfuly
save 5a50ec7d4c7ffb434744b837 ==>successfuly
save 5a50ec7d4c7ffb434744b838 ==>successfuly
save 5a50ec7d4c7ffb434744b839 ==>successfuly
save 5a50ec7d4c7ffb434744b83a ==>successfuly
save 5a50ec7d4c7ffb434744b83b ==>successfuly
save 5a50ec7d4c7ffb434744b83c ==>successfuly
save 5a50ec7d4c7ffb434744b83d ==>successfuly
save 5a50ec7d4c7ffb434744b83e ==>successfuly
save 5a50ec7d4c7ffb434744b83f ==>successfuly
save 5a50ec7d4c7ffb434744b840 ==>successfuly
save 5a50ec7d4c7ffb434744b841 ==>successfuly
save 5a50ec7d4c7ffb434744b842 ==>successfuly
save 5a50ec7d4c7ffb434744b843 ==>successfuly
save 5a50ec7d4c7ffb434744b844 ==>successfuly
save 5a50ec7d4c7ffb434744b845 ==>successfuly
save 5a50ec7d4c7ffb434744b846 ==>successfuly
save 5a50ec7d4c7ffb434744b847 ==>successfuly
save 5a50ec7d4c7ffb434744b848 ==>successfuly
save 5a50ec7d4c7ffb434744b849 ==>successfuly
save 5a50ec7d4c7ffb434744b84a ==>successfuly
save 5a50ec7d4c7ffb434744b84b ==>successfuly
save 5a50ec7d4c7ffb434744b84c ==>successfuly
save 5a50ec7d4c7ffb434744b84d ==>successfuly
save 5a50ec7d4c7ffb434744b84e ==>successfuly
save 5a50ec7d4c7ffb434744b84f ==>successfuly
save 5a50ec7d4c7ffb434744b850 ==>successfuly
save 5a50ec7d4c7ffb434744b851 ==>successfuly
save 5a50ec7d4c7ffb434744b852 ==>successfuly
save 5a50ec7d4c7ffb434744b853 ==>successfuly
save 5a50ec7d4c7ffb434744b854 ==>successfuly
save 5a50ec7d4c7ffb434744b855 ==>successfuly
save 5a50ec7d4c7ffb434744b856 ==>successfuly
save 5a50ec7d4c7ffb434744b857 ==>successfuly
save 5a50ec7d4c7ffb434744b858 ==>successfuly
save 5a50ec7d4c7ffb434744b859 ==>successfuly
save 5a50ec7d4c7ffb434744b85a ==>successfuly
save 5a50ec7d4c7ffb434744b85b ==>successfuly
save 5a50ec7d4c7ffb434744b85c ==>successfuly
save 5a50ec7d4c7ffb434744b85d ==>successfuly
save 5a50ec7d4c7ffb434744b85e ==>successfuly
save 5a50ec7d4c7ffb434744b85f ==>successfuly
save 5a50ec7d4c7ffb434744b860 ==>successfuly
save 5a50ec7d4c7ffb434744b861 ==>successfuly
save 5a50ec7d4c7ffb434744b862 ==>successfuly
save 5a50ec7d4c7ffb434744b863 ==>successfuly
save 5a50ec7d4c7ffb434744b864 ==>successfuly
save 5a50ec7d4c7ffb434744b865 ==>successfuly
save 5a50ec7d4c7ffb434744b866 ==>successfuly
save 5a50ec7d4c7ffb434744b867 ==>successfuly
save 5a50ec7d4c7ffb434744b868 ==>successfuly
save 5a50ec7d4c7ffb434744b869 ==>successfuly
save 5a50ec7d4c7ffb434744b86a ==>successfuly
save 5a50ec7d4c7ffb434744b86b ==>successfuly
save 5a50ec7d4c7ffb434744b86c ==>successfuly
save 5a50ec7d4c7ffb434744b86d ==>successfuly
save 5a50ec7d4c7ffb434744b86e ==>successfuly
save 5a50ec7d4c7ffb434744b86f ==>successfuly
save 5a50ec7d4c7ffb434744b870 ==>successfuly
save 5a50ec7d4c7ffb434744b871 ==>successfuly
save 5a50ec7d4c7ffb434744b872 ==>successfuly
save 5a50ec7d4c7ffb434744b873 ==>successfuly
save 5a50ec7d4c7ffb434744b874 ==>successfuly
save 5a50ec7d4c7ffb434744b875 ==>successfuly
save 5a50ec7d4c7ffb434744b876 ==>successfuly
save 5a50ec7d4c7ffb434744b877 ==>successfuly
save 5a50ec7d4c7ffb434744b878 ==>successfuly
save 5a50ec7d4c7ffb434744b879 ==>successfuly
save 5a50ec7d4c7ffb434744b87a ==>successfuly
save 5a50ec7d4c7ffb434744b87b ==>successfuly
save 5a50ec7d4c7ffb434744b87c ==>successfuly
save 5a50ec7d4c7ffb434744b87d ==>successfuly
save 5a50ec7d4c7ffb434744b87e ==>successfuly
save 5a50ec7d4c7ffb434744b87f ==>successfuly
save 5a50ec7d4c7ffb434744b880 ==>successfuly
save 5a50ec7d4c7ffb434744b881 ==>successfuly
save 5a50ec7d4c7ffb434744b882 ==>successfuly
save 5a50ec7d4c7ffb434744b883 ==>successfuly
save 5a50ec7d4c7ffb434744b884 ==>successfuly
save 5a50ec7d4c7ffb434744b885 ==>successfuly
save 5a50ec7d4c7ffb434744b886 ==>successfuly
save 5a50ec7d4c7ffb434744b887 ==>successfuly
save 5a50ec7d4c7ffb434744b888 ==>successfuly
save 5a50ec7d4c7ffb434744b889 ==>successfuly
save 5a50ec7d4c7ffb434744b88a ==>successfuly
save 5a50ec7d4c7ffb434744b88b ==>successfuly
save 5a50ec7d4c7ffb434744b88c ==>successfuly
save 5a50ec7d4c7ffb434744b88d ==>successfuly
save 5a50ec7d4c7ffb434744b88e ==>successfuly
save 5a50ec7d4c7ffb434744b88f ==>successfuly
save 5a50ec7d4c7ffb434744b890 ==>successfuly
save 5a50ec7d4c7ffb434744b891 ==>successfuly
save 5a50ec7d4c7ffb434744b892 ==>successfuly
save 5a50ec7d4c7ffb434744b893 ==>successfuly
save 5a50ec7d4c7ffb434744b894 ==>successfuly
save 5a50ec7d4c7ffb434744b895 ==>successfuly
save 5a50ec7d4c7ffb434744b896 ==>successfuly
save 5a50ec7d4c7ffb434744b897 ==>successfuly
save 5a50ec7d4c7ffb434744b898 ==>successfuly
save 5a50ec7d4c7ffb434744b899 ==>successfuly
save 5a50ec7d4c7ffb434744b89a ==>successfuly
save 5a50ec7d4c7ffb434744b89b ==>successfuly
save 5a50ec7d4c7ffb434744b89c ==>successfuly
save 5a50ec7d4c7ffb434744b89d ==>successfuly
save 5a50ec7d4c7ffb434744b89e ==>successfuly
save 5a50ec7d4c7ffb434744b89f ==>successfuly
save 5a50ec7d4c7ffb434744b8a0 ==>successfuly
save 5a50ec7d4c7ffb434744b8a1 ==>successfuly
save 5a50ec7d4c7ffb434744b8a2 ==>successfuly
save 5a50ec7d4c7ffb434744b8a3 ==>successfuly
save 5a50ec7d4c7ffb434744b8a4 ==>successfuly
save 5a50ec7d4c7ffb434744b8a5 ==>successfuly
save 5a50ec7d4c7ffb434744b8a6 ==>successfuly
save 5a50ec7d4c7ffb434744b8a7 ==>successfuly
save 5a50ec7d4c7ffb434744b8a8 ==>successfuly
save 5a50ec7d4c7ffb434744b8a9 ==>successfuly
save 5a50ec7d4c7ffb434744b8aa ==>successfuly
save 5a50ec7d4c7ffb434744b8ab ==>successfuly
save 5a50ec7d4c7ffb434744b8ac ==>successfuly
save 5a50ec7d4c7ffb434744b8ad ==>successfuly
save 5a50ec7d4c7ffb434744b8ae ==>successfuly
save 5a50ec7d4c7ffb434744b8af ==>successfuly
save 5a50ec7d4c7ffb434744b8b0 ==>successfuly
save 5a50ec7d4c7ffb434744b8b1 ==>successfuly
save 5a50ec7d4c7ffb434744b8b2 ==>successfuly
save 5a50ec7d4c7ffb434744b8b3 ==>successfuly
save 5a50ec7d4c7ffb434744b8b4 ==>successfuly
save 5a50ec7d4c7ffb434744b8b5 ==>successfuly
save 5a50ec7d4c7ffb434744b8b6 ==>successfuly
save 5a50ec7d4c7ffb434744b8b7 ==>successfuly
save 5a50ec7d4c7ffb434744b8b8 ==>successfuly
save 5a50ec7d4c7ffb434744b8b9 ==>successfuly
save 5a50ec7d4c7ffb434744b8ba ==>successfuly
save 5a50ec7d4c7ffb434744b8bb ==>successfuly
save 5a50ec7d4c7ffb434744b8bc ==>successfuly
save 5a50ec7d4c7ffb434744b8bd ==>successfuly
save 5a50ec7d4c7ffb434744b8be ==>successfuly
save 5a50ec7d4c7ffb434744b8bf ==>successfuly
save 5a50ec7d4c7ffb434744b8c0 ==>successfuly
save 5a50ec7d4c7ffb434744b8c1 ==>successfuly
save 5a50ec7d4c7ffb434744b8c2 ==>successfuly
save 5a50ec7d4c7ffb434744b8c3 ==>successfuly
save 5a50ec7d4c7ffb434744b8c4 ==>successfuly
save 5a50ec7d4c7ffb434744b8c5 ==>successfuly
save 5a50ec7d4c7ffb434744b8c6 ==>successfuly
save 5a50ec7d4c7ffb434744b8c7 ==>successfuly
save 5a50ec7d4c7ffb434744b8c8 ==>successfuly
save 5a50ec7d4c7ffb434744b8c9 ==>successfuly
save 5a50ec7d4c7ffb434744b8ca ==>successfuly
save 5a50ec7d4c7ffb434744b8cb ==>successfuly
save 5a50ec7d4c7ffb434744b8cc ==>successfuly
save 5a50ec7d4c7ffb434744b8cd ==>successfuly
save 5a50ec7d4c7ffb434744b8ce ==>successfuly
save 5a50ec7d4c7ffb434744b8cf ==>successfuly
save 5a50ec7d4c7ffb434744b8d0 ==>successfuly
save 5a50ec7d4c7ffb434744b8d1 ==>successfuly
save 5a50ec7d4c7ffb434744b8d2 ==>successfuly
save 5a50ec7d4c7ffb434744b8d3 ==>successfuly
save 5a50ec7d4c7ffb434744b8d4 ==>successfuly
save 5a50ec7f4c7ffb434744b8d5 ==>successfuly
save 5a50ec7f4c7ffb434744b8d6 ==>successfuly
save 5a50ec7f4c7ffb434744b8d7 ==>successfuly
save 5a50ec7f4c7ffb434744b8d8 ==>successfuly
save 5a50ec7f4c7ffb434744b8d9 ==>successfuly
save 5a50ec7f4c7ffb434744b8da ==>successfuly
save 5a50ec7f4c7ffb434744b8db ==>successfuly
save 5a50ec7f4c7ffb434744b8dc ==>successfuly
save 5a50ec7f4c7ffb434744b8dd ==>successfuly
save 5a50ec7f4c7ffb434744b8de ==>successfuly
save 5a50ec7f4c7ffb434744b8df ==>successfuly
save 5a50ec7f4c7ffb434744b8e0 ==>successfuly
save 5a50ec7f4c7ffb434744b8e1 ==>successfuly
save 5a50ec7f4c7ffb434744b8e2 ==>successfuly
save 5a50ec7f4c7ffb434744b8e3 ==>successfuly
save 5a50ec7f4c7ffb434744b8e4 ==>successfuly
save 5a50ec7f4c7ffb434744b8e5 ==>successfuly
save 5a50ec7f4c7ffb434744b8e6 ==>successfuly
save 5a50ec7f4c7ffb434744b8e7 ==>successfuly
save 5a50ec7f4c7ffb434744b8e8 ==>successfuly
save 5a50ec7f4c7ffb434744b8e9 ==>successfuly
save 5a50ec7f4c7ffb434744b8ea ==>successfuly
save 5a50ec7f4c7ffb434744b8eb ==>successfuly
save 5a50ec7f4c7ffb434744b8ec ==>successfuly
save 5a50ec7f4c7ffb434744b8ed ==>successfuly
save 5a50ec7f4c7ffb434744b8ee ==>successfuly
save 5a50ec7f4c7ffb434744b8ef ==>successfuly
save 5a50ec7f4c7ffb434744b8f0 ==>successfuly
save 5a50ec7f4c7ffb434744b8f1 ==>successfuly
save 5a50ec7f4c7ffb434744b8f2 ==>successfuly
save 5a50ec7f4c7ffb434744b8f3 ==>successfuly
save 5a50ec7f4c7ffb434744b8f4 ==>successfuly
save 5a50ec7f4c7ffb434744b8f5 ==>successfuly
save 5a50ec7f4c7ffb434744b8f6 ==>successfuly
save 5a50ec7f4c7ffb434744b8f7 ==>successfuly
save 5a50ec7f4c7ffb434744b8f8 ==>successfuly
save 5a50ec7f4c7ffb434744b8f9 ==>successfuly
save 5a50ec7f4c7ffb434744b8fa ==>successfuly
save 5a50ec7f4c7ffb434744b8fb ==>successfuly
save 5a50ec7f4c7ffb434744b8fc ==>successfuly
save 5a50ec7f4c7ffb434744b8fd ==>successfuly
save 5a50ec7f4c7ffb434744b8fe ==>successfuly
save 5a50ec7f4c7ffb434744b8ff ==>successfuly
save 5a50ec7f4c7ffb434744b900 ==>successfuly
save 5a50ec7f4c7ffb434744b901 ==>successfuly
save 5a50ec7f4c7ffb434744b902 ==>successfuly
save 5a50ec7f4c7ffb434744b903 ==>successfuly
save 5a50ec7f4c7ffb434744b904 ==>successfuly
save 5a50ec7f4c7ffb434744b905 ==>successfuly
save 5a50ec7f4c7ffb434744b906 ==>successfuly
save 5a50ec7f4c7ffb434744b907 ==>successfuly
save 5a50ec7f4c7ffb434744b908 ==>successfuly
save 5a50ec7f4c7ffb434744b909 ==>successfuly
save 5a50ec7f4c7ffb434744b90a ==>successfuly
save 5a50ec7f4c7ffb434744b90b ==>successfuly
save 5a50ec7f4c7ffb434744b90c ==>successfuly
save 5a50ec7f4c7ffb434744b90d ==>successfuly
save 5a50ec7f4c7ffb434744b90e ==>successfuly
save 5a50ec7f4c7ffb434744b90f ==>successfuly
save 5a50ec7f4c7ffb434744b910 ==>successfuly
save 5a50ec7f4c7ffb434744b911 ==>successfuly
save 5a50ec7f4c7ffb434744b912 ==>successfuly
save 5a50ec7f4c7ffb434744b913 ==>successfuly
save 5a50ec7f4c7ffb434744b914 ==>successfuly
save 5a50ec7f4c7ffb434744b915 ==>successfuly
save 5a50ec7f4c7ffb434744b916 ==>successfuly
save 5a50ec7f4c7ffb434744b917 ==>successfuly
save 5a50ec7f4c7ffb434744b918 ==>successfuly
save 5a50ec7f4c7ffb434744b919 ==>successfuly
save 5a50ec7f4c7ffb434744b91a ==>successfuly
save 5a50ec7f4c7ffb434744b91b ==>successfuly
save 5a50ec7f4c7ffb434744b91c ==>successfuly
save 5a50ec7f4c7ffb434744b91d ==>successfuly
save 5a50ec7f4c7ffb434744b91e ==>successfuly
save 5a50ec7f4c7ffb434744b91f ==>successfuly
save 5a50ec7f4c7ffb434744b920 ==>successfuly
save 5a50ec7f4c7ffb434744b921 ==>successfuly
save 5a50ec7f4c7ffb434744b922 ==>successfuly
save 5a50ec7f4c7ffb434744b923 ==>successfuly
save 5a50ec7f4c7ffb434744b924 ==>successfuly
save 5a50ec7f4c7ffb434744b925 ==>successfuly
save 5a50ec7f4c7ffb434744b926 ==>successfuly
save 5a50ec7f4c7ffb434744b927 ==>successfuly
save 5a50ec7f4c7ffb434744b928 ==>successfuly
save 5a50ec7f4c7ffb434744b929 ==>successfuly
save 5a50ec7f4c7ffb434744b92a ==>successfuly
save 5a50ec7f4c7ffb434744b92b ==>successfuly
save 5a50ec7f4c7ffb434744b92c ==>successfuly
save 5a50ec7f4c7ffb434744b92d ==>successfuly
save 5a50ec7f4c7ffb434744b92e ==>successfuly
save 5a50ec7f4c7ffb434744b92f ==>successfuly
此用户文章抓取完成 252819642 
[===未抓取的的id个数为:7810===]
save 5a50ec844c7ffb434744b930 ==>successfuly
save 5a50ec844c7ffb434744b931 ==>successfuly
save 5a50ec844c7ffb434744b932 ==>successfuly
save 5a50ec844c7ffb434744b933 ==>successfuly
save 5a50ec844c7ffb434744b934 ==>successfuly
save 5a50ec844c7ffb434744b935 ==>successfuly
save 5a50ec844c7ffb434744b936 ==>successfuly
save 5a50ec844c7ffb434744b937 ==>successfuly
save 5a50ec844c7ffb434744b938 ==>successfuly
save 5a50ec844c7ffb434744b939 ==>successfuly
save 5a50ec844c7ffb434744b93a ==>successfuly
save 5a50ec844c7ffb434744b93b ==>successfuly
save 5a50ec844c7ffb434744b93c ==>successfuly
save 5a50ec844c7ffb434744b93d ==>successfuly
save 5a50ec844c7ffb434744b93e ==>successfuly
save 5a50ec844c7ffb434744b93f ==>successfuly
save 5a50ec844c7ffb434744b940 ==>successfuly
save 5a50ec844c7ffb434744b941 ==>successfuly
save 5a50ec844c7ffb434744b942 ==>successfuly
save 5a50ec844c7ffb434744b943 ==>successfuly
save 5a50ec844c7ffb434744b944 ==>successfuly
save 5a50ec844c7ffb434744b945 ==>successfuly
save 5a50ec844c7ffb434744b946 ==>successfuly
save 5a50ec844c7ffb434744b947 ==>successfuly
save 5a50ec844c7ffb434744b948 ==>successfuly
save 5a50ec844c7ffb434744b949 ==>successfuly
save 5a50ec844c7ffb434744b94a ==>successfuly
save 5a50ec844c7ffb434744b94b ==>successfuly
save 5a50ec844c7ffb434744b94c ==>successfuly
save 5a50ec844c7ffb434744b94d ==>successfuly
save 5a50ec844c7ffb434744b94e ==>successfuly
save 5a50ec844c7ffb434744b94f ==>successfuly
save 5a50ec844c7ffb434744b950 ==>successfuly
save 5a50ec844c7ffb434744b951 ==>successfuly
save 5a50ec844c7ffb434744b952 ==>successfuly
save 5a50ec844c7ffb434744b953 ==>successfuly
save 5a50ec844c7ffb434744b954 ==>successfuly
save 5a50ec844c7ffb434744b955 ==>successfuly
save 5a50ec844c7ffb434744b956 ==>successfuly
save 5a50ec844c7ffb434744b957 ==>successfuly
save 5a50ec844c7ffb434744b958 ==>successfuly
save 5a50ec844c7ffb434744b959 ==>successfuly
save 5a50ec844c7ffb434744b95a ==>successfuly
此用户文章抓取完成 112651673 
[===未抓取的的id个数为:7809===]
save 5a50ec884c7ffb434744b95b ==>successfuly
save 5a50ec884c7ffb434744b95c ==>successfuly
save 5a50ec884c7ffb434744b95d ==>successfuly
save 5a50ec884c7ffb434744b95e ==>successfuly
save 5a50ec884c7ffb434744b95f ==>successfuly
save 5a50ec884c7ffb434744b960 ==>successfuly
save 5a50ec884c7ffb434744b961 ==>successfuly
save 5a50ec884c7ffb434744b962 ==>successfuly
save 5a50ec884c7ffb434744b963 ==>successfuly
save 5a50ec884c7ffb434744b964 ==>successfuly
save 5a50ec884c7ffb434744b965 ==>successfuly
save 5a50ec884c7ffb434744b966 ==>successfuly
save 5a50ec884c7ffb434744b967 ==>successfuly
save 5a50ec884c7ffb434744b968 ==>successfuly
save 5a50ec884c7ffb434744b969 ==>successfuly
save 5a50ec884c7ffb434744b96a ==>successfuly
save 5a50ec884c7ffb434744b96b ==>successfuly
save 5a50ec884c7ffb434744b96c ==>successfuly
save 5a50ec884c7ffb434744b96d ==>successfuly
save 5a50ec884c7ffb434744b96e ==>successfuly
save 5a50ec884c7ffb434744b96f ==>successfuly
save 5a50ec884c7ffb434744b970 ==>successfuly
save 5a50ec884c7ffb434744b971 ==>successfuly
save 5a50ec884c7ffb434744b972 ==>successfuly
save 5a50ec884c7ffb434744b973 ==>successfuly
save 5a50ec884c7ffb434744b974 ==>successfuly
save 5a50ec884c7ffb434744b975 ==>successfuly
save 5a50ec884c7ffb434744b976 ==>successfuly
save 5a50ec884c7ffb434744b977 ==>successfuly
save 5a50ec884c7ffb434744b978 ==>successfuly
save 5a50ec884c7ffb434744b979 ==>successfuly
save 5a50ec884c7ffb434744b97a ==>successfuly
save 5a50ec884c7ffb434744b97b ==>successfuly
save 5a50ec884c7ffb434744b97c ==>successfuly
save 5a50ec884c7ffb434744b97d ==>successfuly
save 5a50ec884c7ffb434744b97e ==>successfuly
save 5a50ec884c7ffb434744b97f ==>successfuly
save 5a50ec884c7ffb434744b980 ==>successfuly
save 5a50ec884c7ffb434744b981 ==>successfuly
save 5a50ec884c7ffb434744b982 ==>successfuly
save 5a50ec884c7ffb434744b983 ==>successfuly
save 5a50ec884c7ffb434744b984 ==>successfuly
save 5a50ec884c7ffb434744b985 ==>successfuly
save 5a50ec884c7ffb434744b986 ==>successfuly
save 5a50ec884c7ffb434744b987 ==>successfuly
save 5a50ec884c7ffb434744b988 ==>successfuly
save 5a50ec884c7ffb434744b989 ==>successfuly
save 5a50ec884c7ffb434744b98a ==>successfuly
save 5a50ec884c7ffb434744b98b ==>successfuly
save 5a50ec884c7ffb434744b98c ==>successfuly
save 5a50ec884c7ffb434744b98d ==>successfuly
save 5a50ec884c7ffb434744b98e ==>successfuly
save 5a50ec884c7ffb434744b98f ==>successfuly
save 5a50ec884c7ffb434744b990 ==>successfuly
save 5a50ec884c7ffb434744b991 ==>successfuly
save 5a50ec884c7ffb434744b992 ==>successfuly
save 5a50ec884c7ffb434744b993 ==>successfuly
save 5a50ec884c7ffb434744b994 ==>successfuly
save 5a50ec884c7ffb434744b995 ==>successfuly
save 5a50ec884c7ffb434744b996 ==>successfuly
save 5a50ec884c7ffb434744b997 ==>successfuly
save 5a50ec884c7ffb434744b998 ==>successfuly
save 5a50ec884c7ffb434744b999 ==>successfuly
save 5a50ec884c7ffb434744b99a ==>successfuly
save 5a50ec884c7ffb434744b99b ==>successfuly
save 5a50ec884c7ffb434744b99c ==>successfuly
save 5a50ec884c7ffb434744b99d ==>successfuly
save 5a50ec884c7ffb434744b99e ==>successfuly
save 5a50ec884c7ffb434744b99f ==>successfuly
save 5a50ec884c7ffb434744b9a0 ==>successfuly
save 5a50ec884c7ffb434744b9a1 ==>successfuly
save 5a50ec884c7ffb434744b9a2 ==>successfuly
save 5a50ec884c7ffb434744b9a3 ==>successfuly
save 5a50ec884c7ffb434744b9a4 ==>successfuly
save 5a50ec884c7ffb434744b9a5 ==>successfuly
save 5a50ec884c7ffb434744b9a6 ==>successfuly
save 5a50ec884c7ffb434744b9a7 ==>successfuly
save 5a50ec884c7ffb434744b9a8 ==>successfuly
save 5a50ec884c7ffb434744b9a9 ==>successfuly
save 5a50ec884c7ffb434744b9aa ==>successfuly
save 5a50ec884c7ffb434744b9ab ==>successfuly
save 5a50ec884c7ffb434744b9ac ==>successfuly
save 5a50ec884c7ffb434744b9ad ==>successfuly
save 5a50ec884c7ffb434744b9ae ==>successfuly
save 5a50ec884c7ffb434744b9af ==>successfuly
save 5a50ec884c7ffb434744b9b0 ==>successfuly
save 5a50ec884c7ffb434744b9b1 ==>successfuly
save 5a50ec884c7ffb434744b9b2 ==>successfuly
save 5a50ec884c7ffb434744b9b3 ==>successfuly
save 5a50ec884c7ffb434744b9b4 ==>successfuly
save 5a50ec884c7ffb434744b9b5 ==>successfuly
save 5a50ec884c7ffb434744b9b6 ==>successfuly
save 5a50ec884c7ffb434744b9b7 ==>successfuly
save 5a50ec884c7ffb434744b9b8 ==>successfuly
save 5a50ec884c7ffb434744b9b9 ==>successfuly
save 5a50ec884c7ffb434744b9ba ==>successfuly
save 5a50ec884c7ffb434744b9bb ==>successfuly
save 5a50ec884c7ffb434744b9bc ==>successfuly
save 5a50ec884c7ffb434744b9bd ==>successfuly
save 5a50ec884c7ffb434744b9be ==>successfuly
save 5a50ec884c7ffb434744b9bf ==>successfuly
save 5a50ec884c7ffb434744b9c0 ==>successfuly
save 5a50ec884c7ffb434744b9c1 ==>successfuly
save 5a50ec884c7ffb434744b9c2 ==>successfuly
save 5a50ec884c7ffb434744b9c3 ==>successfuly
save 5a50ec884c7ffb434744b9c4 ==>successfuly
save 5a50ec884c7ffb434744b9c5 ==>successfuly
save 5a50ec884c7ffb434744b9c6 ==>successfuly
save 5a50ec884c7ffb434744b9c7 ==>successfuly
save 5a50ec884c7ffb434744b9c8 ==>successfuly
save 5a50ec884c7ffb434744b9c9 ==>successfuly
save 5a50ec884c7ffb434744b9ca ==>successfuly
save 5a50ec884c7ffb434744b9cb ==>successfuly
save 5a50ec884c7ffb434744b9cc ==>successfuly
save 5a50ec884c7ffb434744b9cd ==>successfuly
save 5a50ec884c7ffb434744b9ce ==>successfuly
save 5a50ec884c7ffb434744b9cf ==>successfuly
save 5a50ec884c7ffb434744b9d0 ==>successfuly
save 5a50ec884c7ffb434744b9d1 ==>successfuly
save 5a50ec884c7ffb434744b9d2 ==>successfuly
save 5a50ec884c7ffb434744b9d3 ==>successfuly
save 5a50ec884c7ffb434744b9d4 ==>successfuly
save 5a50ec884c7ffb434744b9d5 ==>successfuly
save 5a50ec884c7ffb434744b9d6 ==>successfuly
save 5a50ec884c7ffb434744b9d7 ==>successfuly
save 5a50ec884c7ffb434744b9d8 ==>successfuly
save 5a50ec884c7ffb434744b9d9 ==>successfuly
save 5a50ec884c7ffb434744b9da ==>successfuly
save 5a50ec884c7ffb434744b9db ==>successfuly
save 5a50ec884c7ffb434744b9dc ==>successfuly
save 5a50ec884c7ffb434744b9dd ==>successfuly
save 5a50ec884c7ffb434744b9de ==>successfuly
save 5a50ec884c7ffb434744b9df ==>successfuly
save 5a50ec884c7ffb434744b9e0 ==>successfuly
save 5a50ec884c7ffb434744b9e1 ==>successfuly
save 5a50ec884c7ffb434744b9e2 ==>successfuly
save 5a50ec884c7ffb434744b9e3 ==>successfuly
save 5a50ec884c7ffb434744b9e4 ==>successfuly
save 5a50ec884c7ffb434744b9e5 ==>successfuly
save 5a50ec884c7ffb434744b9e6 ==>successfuly
save 5a50ec884c7ffb434744b9e7 ==>successfuly
save 5a50ec884c7ffb434744b9e8 ==>successfuly
save 5a50ec884c7ffb434744b9e9 ==>successfuly
save 5a50ec884c7ffb434744b9ea ==>successfuly
save 5a50ec884c7ffb434744b9eb ==>successfuly
save 5a50ec884c7ffb434744b9ec ==>successfuly
save 5a50ec884c7ffb434744b9ed ==>successfuly
save 5a50ec884c7ffb434744b9ee ==>successfuly
save 5a50ec884c7ffb434744b9ef ==>successfuly
save 5a50ec884c7ffb434744b9f0 ==>successfuly
save 5a50ec884c7ffb434744b9f1 ==>successfuly
save 5a50ec884c7ffb434744b9f2 ==>successfuly
save 5a50ec884c7ffb434744b9f3 ==>successfuly
save 5a50ec884c7ffb434744b9f4 ==>successfuly
save 5a50ec884c7ffb434744b9f5 ==>successfuly
save 5a50ec884c7ffb434744b9f6 ==>successfuly
save 5a50ec884c7ffb434744b9f7 ==>successfuly
save 5a50ec884c7ffb434744b9f8 ==>successfuly
save 5a50ec884c7ffb434744b9f9 ==>successfuly
save 5a50ec884c7ffb434744b9fa ==>successfuly
save 5a50ec884c7ffb434744b9fb ==>successfuly
save 5a50ec884c7ffb434744b9fc ==>successfuly
save 5a50ec884c7ffb434744b9fd ==>successfuly
save 5a50ec884c7ffb434744b9fe ==>successfuly
save 5a50ec884c7ffb434744b9ff ==>successfuly
save 5a50ec884c7ffb434744ba00 ==>successfuly
save 5a50ec884c7ffb434744ba01 ==>successfuly
save 5a50ec884c7ffb434744ba02 ==>successfuly
save 5a50ec884c7ffb434744ba03 ==>successfuly
save 5a50ec884c7ffb434744ba04 ==>successfuly
save 5a50ec884c7ffb434744ba05 ==>successfuly
save 5a50ec884c7ffb434744ba06 ==>successfuly
save 5a50ec884c7ffb434744ba07 ==>successfuly
save 5a50ec884c7ffb434744ba08 ==>successfuly
save 5a50ec884c7ffb434744ba09 ==>successfuly
save 5a50ec884c7ffb434744ba0a ==>successfuly
save 5a50ec884c7ffb434744ba0b ==>successfuly
save 5a50ec884c7ffb434744ba0c ==>successfuly
save 5a50ec884c7ffb434744ba0d ==>successfuly
save 5a50ec884c7ffb434744ba0e ==>successfuly
save 5a50ec884c7ffb434744ba0f ==>successfuly
save 5a50ec884c7ffb434744ba10 ==>successfuly
save 5a50ec884c7ffb434744ba11 ==>successfuly
save 5a50ec884c7ffb434744ba12 ==>successfuly
save 5a50ec884c7ffb434744ba13 ==>successfuly
save 5a50ec884c7ffb434744ba14 ==>successfuly
save 5a50ec884c7ffb434744ba15 ==>successfuly
save 5a50ec884c7ffb434744ba16 ==>successfuly
save 5a50ec884c7ffb434744ba17 ==>successfuly
save 5a50ec884c7ffb434744ba18 ==>successfuly
save 5a50ec884c7ffb434744ba19 ==>successfuly
save 5a50ec884c7ffb434744ba1a ==>successfuly
save 5a50ec884c7ffb434744ba1b ==>successfuly
save 5a50ec884c7ffb434744ba1c ==>successfuly
save 5a50ec884c7ffb434744ba1d ==>successfuly
save 5a50ec884c7ffb434744ba1e ==>successfuly
save 5a50ec884c7ffb434744ba1f ==>successfuly
save 5a50ec884c7ffb434744ba20 ==>successfuly
save 5a50ec884c7ffb434744ba21 ==>successfuly
save 5a50ec884c7ffb434744ba22 ==>successfuly
save 5a50ec8a4c7ffb434744ba23 ==>successfuly
save 5a50ec8a4c7ffb434744ba24 ==>successfuly
save 5a50ec8a4c7ffb434744ba25 ==>successfuly
save 5a50ec8a4c7ffb434744ba26 ==>successfuly
save 5a50ec8a4c7ffb434744ba27 ==>successfuly
save 5a50ec8a4c7ffb434744ba28 ==>successfuly
save 5a50ec8a4c7ffb434744ba29 ==>successfuly
save 5a50ec8a4c7ffb434744ba2a ==>successfuly
save 5a50ec8a4c7ffb434744ba2b ==>successfuly
save 5a50ec8a4c7ffb434744ba2c ==>successfuly
save 5a50ec8a4c7ffb434744ba2d ==>successfuly
save 5a50ec8a4c7ffb434744ba2e ==>successfuly
save 5a50ec8a4c7ffb434744ba2f ==>successfuly
save 5a50ec8a4c7ffb434744ba30 ==>successfuly
save 5a50ec8a4c7ffb434744ba31 ==>successfuly
save 5a50ec8a4c7ffb434744ba32 ==>successfuly
save 5a50ec8a4c7ffb434744ba33 ==>successfuly
save 5a50ec8a4c7ffb434744ba34 ==>successfuly
save 5a50ec8a4c7ffb434744ba35 ==>successfuly
save 5a50ec8a4c7ffb434744ba36 ==>successfuly
save 5a50ec8a4c7ffb434744ba37 ==>successfuly
save 5a50ec8a4c7ffb434744ba38 ==>successfuly
save 5a50ec8a4c7ffb434744ba39 ==>successfuly
save 5a50ec8a4c7ffb434744ba3a ==>successfuly
save 5a50ec8a4c7ffb434744ba3b ==>successfuly
save 5a50ec8a4c7ffb434744ba3c ==>successfuly
save 5a50ec8a4c7ffb434744ba3d ==>successfuly
save 5a50ec8a4c7ffb434744ba3e ==>successfuly
save 5a50ec8a4c7ffb434744ba3f ==>successfuly
save 5a50ec8a4c7ffb434744ba40 ==>successfuly
save 5a50ec8a4c7ffb434744ba41 ==>successfuly
save 5a50ec8a4c7ffb434744ba42 ==>successfuly
save 5a50ec8a4c7ffb434744ba43 ==>successfuly
save 5a50ec8a4c7ffb434744ba44 ==>successfuly
save 5a50ec8a4c7ffb434744ba45 ==>successfuly
save 5a50ec8a4c7ffb434744ba46 ==>successfuly
save 5a50ec8a4c7ffb434744ba47 ==>successfuly
save 5a50ec8a4c7ffb434744ba48 ==>successfuly
save 5a50ec8a4c7ffb434744ba49 ==>successfuly
save 5a50ec8a4c7ffb434744ba4a ==>successfuly
save 5a50ec8a4c7ffb434744ba4b ==>successfuly
save 5a50ec8a4c7ffb434744ba4c ==>successfuly
save 5a50ec8a4c7ffb434744ba4d ==>successfuly
save 5a50ec8a4c7ffb434744ba4e ==>successfuly
save 5a50ec8a4c7ffb434744ba4f ==>successfuly
save 5a50ec8a4c7ffb434744ba50 ==>successfuly
save 5a50ec8a4c7ffb434744ba51 ==>successfuly
save 5a50ec8a4c7ffb434744ba52 ==>successfuly
save 5a50ec8a4c7ffb434744ba53 ==>successfuly
save 5a50ec8a4c7ffb434744ba54 ==>successfuly
save 5a50ec8a4c7ffb434744ba55 ==>successfuly
save 5a50ec8a4c7ffb434744ba56 ==>successfuly
save 5a50ec8a4c7ffb434744ba57 ==>successfuly
save 5a50ec8a4c7ffb434744ba58 ==>successfuly
save 5a50ec8a4c7ffb434744ba59 ==>successfuly
save 5a50ec8a4c7ffb434744ba5a ==>successfuly
save 5a50ec8a4c7ffb434744ba5b ==>successfuly
save 5a50ec8a4c7ffb434744ba5c ==>successfuly
save 5a50ec8a4c7ffb434744ba5d ==>successfuly
save 5a50ec8a4c7ffb434744ba5e ==>successfuly
save 5a50ec8a4c7ffb434744ba5f ==>successfuly
save 5a50ec8a4c7ffb434744ba60 ==>successfuly
save 5a50ec8a4c7ffb434744ba61 ==>successfuly
save 5a50ec8a4c7ffb434744ba62 ==>successfuly
save 5a50ec8a4c7ffb434744ba63 ==>successfuly
save 5a50ec8a4c7ffb434744ba64 ==>successfuly
save 5a50ec8a4c7ffb434744ba65 ==>successfuly
save 5a50ec8a4c7ffb434744ba66 ==>successfuly
save 5a50ec8a4c7ffb434744ba67 ==>successfuly
save 5a50ec8a4c7ffb434744ba68 ==>successfuly
save 5a50ec8a4c7ffb434744ba69 ==>successfuly我朝你妈妈的
this cmd is only for facebook
